
##################################################################
FECHA: Wed Jan 14 21:20:53 CET 2026
COMANDO EJECUTADO: obp -log pub
##################################################################
Analizando archivo Org...
Procesando TODOS los artículos...
Generando: GitLab + Novedades de Syncthing y Orgzly
Generando: GNU-Linux, Emacs,.. ¿porqué?
Generando: Como Actualizar tus Dockers
Generando: Sincronización Selectiva en Syncthing, Markdown en Emacs, Blog Jekyll, Escritorio i3
Generando: Muchos Servicios, DietPi y mucho más en el crossover con José Jiménez
Generando: Como gestiono Mis Notas Markdown
Generando: Podcast: Iniciándonos en Emacs y Org Mode de un Modo muy muy Fácil.
Generando: El mejor Método para Crear, Gestionar y Automatizar Notas, Tareas, Hojas de cálculo….
Generando: Hablando con Atareao y MosqueteroWeb de Servidores en Casa, VPS,...
Generando: Xiaomi Mi band 3 de un modo Libre
Generando: Miscelania Veraniega. Maratón Linuxero, Texto Plano,...
Generando: Hablando de Servicios y Servidores entre Amigos
Generando: Xiaomi Mi Band 3 y FileExplorer Pro
Generando: ¿Existe un Internet sin Publicidad?
Generando: Tres apps de Mensajería con Total Privacidad
Generando: Android Tv 8 y Arduino Chino
Generando: ¿Son Todas Nuestras Apps tan Seguras a Nivel de Privacidad?
Generando: La Mejor Aplicación de Podcast
Generando: Podcasts en Plex, Scripts Gráficamente con Zenity y Yad, Anchor ...
Generando: Servidor de ebooks con Calibre 
Generando: Docker. En que ando liado...
Generando: Como Montar Contenedores Docker
Generando: Docker en Raspberry
Generando: MasterClass Plex 2. Crossover con Bateria2x100 y Rapejim. 
Generando: La Nube más Segura Dentro y Fuera de tu Red Local
Generando: Varios Temas, Notas Markdown ...
Generando: Xiaomi Mi Box
Generando: Rclone
Generando: Relés para el GPIO y Próximos Podcast
Generando: LPlayer. Un Reproductor Ultra-ligero para Linux
Generando: Joplin. El Evernote del Software Libre
Generando: Crossover con Bateria2x100. MasterClass Plex
Generando: KODExplorer. El Navegador de Carpetas Web para Raspberry o Servidor
Generando: El GitHub - GitLab de mi Raspberry. Gitea
Generando: Respuestas a Consultas y NewPipe
Generando: Tiny Tiny RSS, FeedMe y @Voice
Generando: Iniciarse en GNU/Linux y aprender con la Terminal
Generando: Kanboard con Notificaciones en Telegram
Generando: Screen y la Terminal
Generando: Telegram: Audio y Vídeo en Streaming
Generando: Telegram X
Generando: Arrancar Raspberry desde USB
Generando: Recalbox. Consola de Juegos Retro+Kodi
Generando: Nextcloud Talk y Script para Instalar Nextcloud
Generando: Reproductor de Podcast y 2 App de Oferta
Generando: Nas vs Servidor Linux
Generando: Slimbook One. El 3 en 1
Generando: Recomendaciones y Próximos Podcast
Generando: Grabadora de Audio en Oferta
Generando: Novedades Anchor y como enlazo mis Audios
Generando: Aplicación Gratis de Podcast y Música Streaming
Generando: Android: Es Explorer y varios exploradores de Carpetas
Generando: Un Servidor en mi Casa - Podcast del Maratón Linuxero 2017
Generando: Respuestas a Preguntas de los Oyentes y Maratón Linuxero
Generando: Me explicáis como tomáis vuestras Notas. Y Que es uGeekRadio
Generando: ¿Porque se descarga tan rápido la batería de mi Android?
Generando: Anchor
Generando: Copia Remota De Vuestra SD, Mas Snaps 
Generando: Eficiencia de servicios y aplicaciones. Notas entre Keep, OneNote, Paper, Emacs...
Generando: Raspberry Pi. ¿Esta hecha para mi?
Generando: Android: Limpia tu telefono por dentro
Generando: Miscelánea. Nextcloud 12, Resilio, Rsync...
Generando: Nextcloud, Resilio, Syncthing... ¿Que Nube elijo?
Generando: TiddlyWiki. Una Wiki en un único archivo y multiplataforma.
Generando: Resilio. Una Nube Ilimitada, donde el control de tus datos los tienes tu.
Generando: Con Linux es posible
Generando: Domótica con mi Raspberry Pi. Usemos el GPIO
Generando: Docker en 10 minutos
Generando: La Terminal mas fácil con alias
Generando: 2 Aplicaciones de Notas alternativas que utilizo
Generando: Android: Multicuentas. Gestion de Servicios Raspberry Pi
Generando: Multicuenta de Telegram en tu PC de escritorio y Wire
Generando: Android: Videoder y llamadas de Telegram
Generando: Nuevos Cambios...
Generando: Telefónica esta siendo Atacada!!!
Generando: Synapse
Generando: ¿Jekyll o WordPress?
Generando: Adiós Blogger, Hola GitHub!
Generando: Que ando haciendo, nuevas publicaciones y más...
Generando: Instalando Syncthing en Ubuntu, Antergos y Raspberry Pi
Generando: Encuentro de amiguetes
Generando: Se quemó la SD. Comparación de consumos entre PC, NAS-Microserver, Raspberry Pi
Generando: Sincronización de carpetas entre dispositivos. Syncthing, Resilio y Dukto
Generando: Crossover con Salmorejo Geek, donde hablamos de Mastodon, Ubuntu, Telegram y mucho mas...
Generando: La web de Jekyll en GitHub, va tomando forma
Generando: Bot de Telegram IFTTT
Generando: El Atareao visita el Crossover de la Semana
Generando: Ubuntu y el adios de Unity
Generando: Antergos, Ocnews De Nextcloud Y Jekyll
Generando: Aplicación Notes de Nextcloud y crea tus bots de Telegram
Generando: Crossover con MosqueteroWeb. Masterclass de FreeNas, Docker y virtualización mediante Proxmox y Esxi.
Generando: Llamadas de Telegram ya estan aquí. Y 3 bots que os encantaran
Generando: Podcast con Frank de Batería2x100, Servidores Linux y NAS, lo mismo pero  diferente
Generando: Mi HP ProLiant MicroServer Gen8 
Generando: Bots de Telegram Sustitutos a Shazam y busqueda de articulos dentro del bot de Pocket
Generando: Bots en Telegram. Bot de Pocket
Generando: Miscelánea de Viernes
Generando: Keepass, como gestiono mis contraseñas
Generando: Mumble, VoIP de Software Libre. Nextcloud, Wallabag y kdenlive
Generando: Miscelánea de Viernes.
Generando: Instala un servidor de mensajeria tipo Whatsapp o Telegram y de Software Libre con XMPP/Jabber 
Generando: Instala una VPN (OpenVpn) en Ubuntu o Raspberry Pi con PiVpn
